Logbuch gestartet
Zuschnitt eingegrenzt

Ausschnitt:
links-oben:	0 / 0
Groesse:	0 / 0

Anaglyphe ist i. O.
Groeße: 1090 / 653
Zuschnitt eingegrenzt

Ausschnitt:
links-oben:	0 / 0
Groesse:	0 / 0

Anaglyphe ist i. O.
Groeße: 1090 / 653
Zuschnitt eingegrenzt

Ausschnitt:
links-oben:	0 / 0
Groesse:	0 / 0

Anaglyphe ist i. O.
Groeße: 1090 / 653
Zuschnitt eingegrenzt

Ausschnitt:
links-oben:	0 / 0
Groesse:	0 / 0

Anaglyphe ist i. O.
Groeße: 1090 / 653
Zuschnitt eingegrenzt

Ausschnitt:
links-oben:	0 / 0
Groesse:	0 / 0

Anaglyphe ist i. O.
Groeße: 1090 / 653
Zuschnitt eingegrenzt

Ausschnitt:
links-oben:	0 / 0
Groesse:	0 / 0

Anaglyphe ist i. O.
Groeße: 1090 / 653
Zuschnitt eingegrenzt

Ausschnitt:
links-oben:	0 / 0
Groesse:	0 / 0

Anaglyphe ist i. O.
Groeße: 1090 / 653
Zuschnitt eingegrenzt

Ausschnitt:
links-oben:	0 / 0
Groesse:	0 / 0

Anaglyphe ist i. O.
Groeße: 1090 / 653
Zuschnitt eingegrenzt

Ausschnitt:
links-oben:	0 / 0
Groesse:	0 / 0

Anaglyphe ist i. O.
Groeße: 1090 / 653
Zuschnitt eingegrenzt

Ausschnitt:
links-oben:	0 / 0
Groesse:	0 / 0

Anaglyphe ist i. O.
Groeße: 1090 / 653
Zuschnitt eingegrenzt

Ausschnitt:
links-oben:	0 / 0
Groesse:	0 / 0

Anaglyphe ist i. O.
Groeße: 1090 / 653
Zuschnitt eingegrenzt

Ausschnitt:
links-oben:	0 / 0
Groesse:	0 / 0

Anaglyphe ist i. O.
Groeße: 1090 / 653
Zuschnitt eingegrenzt

Ausschnitt:
links-oben:	0 / 0
Groesse:	0 / 0

Anaglyphe ist i. O.
Groeße: 1090 / 653
Zuschnitt eingegrenzt

Ausschnitt:
links-oben:	0 / 0
Groesse:	0 / 0

Anaglyphe ist i. O.
Groeße: 1090 / 653
Zuschnitt eingegrenzt

Ausschnitt:
links-oben:	0 / 0
Groesse:	0 / 0

Anaglyphe ist i. O.
Groeße: 1090 / 653
Zuschnitt eingegrenzt

Ausschnitt:
links-oben:	0 / 0
Groesse:	0 / 0

Anaglyphe ist i. O.
Groeße: 1090 / 653
Zuschnitt eingegrenzt

Ausschnitt:
links-oben:	0 / 0
Groesse:	0 / 0

Anaglyphe ist i. O.
Groeße: 1090 / 653
Zuschnitt eingegrenzt

Ausschnitt:
links-oben:	0 / 0
Groesse:	0 / 0

Anaglyphe ist i. O.
Groeße: 1090 / 653
Zuschnitt eingegrenzt

Ausschnitt:
links-oben:	0 / 0
Groesse:	0 / 0

Anaglyphe ist i. O.
Groeße: 1090 / 653
Zuschnitt eingegrenzt

Ausschnitt:
links-oben:	0 / 0
Groesse:	0 / 0

Anaglyphe ist i. O.
Groeße: 1090 / 653
Zuschnitt eingegrenzt

Ausschnitt:
links-oben:	0 / 0
Groesse:	0 / 0

Anaglyphe ist i. O.
Groeße: 1090 / 653
Zuschnitt eingegrenzt

Ausschnitt:
links-oben:	0 / 0
Groesse:	0 / 0

Anaglyphe ist i. O.
Groeße: 1090 / 653
Zuschnitt eingegrenzt

Ausschnitt:
links-oben:	0 / 0
Groesse:	0 / 0

Anaglyphe ist i. O.
Groeße: 1090 / 653
Zuschnitt eingegrenzt

Ausschnitt:
links-oben:	0 / 0
Groesse:	0 / 0

Anaglyphe ist i. O.
Groeße: 1090 / 653
Zuschnitt eingegrenzt

Ausschnitt:
links-oben:	0 / 0
Groesse:	0 / 0

Anaglyphe ist i. O.
Groeße: 1090 / 653
Zuschnitt eingegrenzt

Ausschnitt:
links-oben:	0 / 0
Groesse:	0 / 0

Anaglyphe ist i. O.
Groeße: 1090 / 653
Zuschnitt eingegrenzt

Ausschnitt:
links-oben:	0 / 0
Groesse:	0 / 0

Anaglyphe ist i. O.
Groeße: 1090 / 653
Zuschnitt eingegrenzt

Ausschnitt:
links-oben:	0 / 0
Groesse:	0 / 0

Anaglyphe ist i. O.
Groeße: 1090 / 653
Zuschnitt eingegrenzt

Ausschnitt:
links-oben:	0 / 0
Groesse:	0 / 0

Anaglyphe ist i. O.
Groeße: 1090 / 653
Zuschnitt eingegrenzt

Ausschnitt:
links-oben:	0 / 0
Groesse:	0 / 0

Anaglyphe ist i. O.
Groeße: 1090 / 653
Zuschnitt eingegrenzt

Ausschnitt:
links-oben:	0 / 0
Groesse:	0 / 0

Anaglyphe ist i. O.
Groeße: 1090 / 653
Zuschnitt eingegrenzt

Ausschnitt:
links-oben:	0 / 0
Groesse:	0 / 0

Anaglyphe ist i. O.
Groeße: 1090 / 653
Zuschnitt eingegrenzt

Ausschnitt:
links-oben:	0 / 0
Groesse:	0 / 0

Anaglyphe ist i. O.
Groeße: 1090 / 653
Zuschnitt eingegrenzt

Ausschnitt:
links-oben:	0 / 0
Groesse:	0 / 0

Anaglyphe ist i. O.
Groeße: 1090 / 653
Zuschnitt eingegrenzt

Ausschnitt:
links-oben:	0 / 0
Groesse:	0 / 0

Anaglyphe ist i. O.
Groeße: 1090 / 653
Zuschnitt eingegrenzt

Ausschnitt:
links-oben:	0 / 0
Groesse:	0 / 0

Anaglyphe ist i. O.
Groeße: 1090 / 653
Zuschnitt eingegrenzt

Ausschnitt:
links-oben:	0 / 0
Groesse:	0 / 0

Anaglyphe ist i. O.
Groeße: 1090 / 653
Zuschnitt eingegrenzt

Ausschnitt:
links-oben:	0 / 0
Groesse:	0 / 0

Anaglyphe ist i. O.
Groeße: 1090 / 653
Zuschnitt eingegrenzt

Ausschnitt:
links-oben:	0 / 0
Groesse:	0 / 0

Anaglyphe ist i. O.
Groeße: 1090 / 653
Zuschnitt eingegrenzt

Ausschnitt:
links-oben:	0 / 0
Groesse:	0 / 0

Anaglyphe ist i. O.
Groeße: 1090 / 653
Zuschnitt eingegrenzt

Ausschnitt:
links-oben:	0 / 0
Groesse:	0 / 0

Anaglyphe ist i. O.
Groeße: 1090 / 653
Zuschnitt eingegrenzt

Ausschnitt:
links-oben:	0 / 0
Groesse:	0 / 0

Anaglyphe ist i. O.
Groeße: 1090 / 653
Zuschnitt eingegrenzt

Ausschnitt:
links-oben:	0 / 0
Groesse:	0 / 0

Anaglyphe ist i. O.
Groeße: 1090 / 653
Zuschnitt eingegrenzt

Ausschnitt:
links-oben:	0 / 0
Groesse:	0 / 0

Anaglyphe ist i. O.
Groeße: 1090 / 653
Zuschnitt eingegrenzt

Ausschnitt:
links-oben:	0 / 0
Groesse:	0 / 0

Anaglyphe ist i. O.
Groeße: 1090 / 653
Zuschnitt eingegrenzt

Ausschnitt:
links-oben:	0 / 0
Groesse:	0 / 0

Anaglyphe ist i. O.
Groeße: 1090 / 653
Zuschnitt eingegrenzt

Ausschnitt:
links-oben:	0 / 0
Groesse:	0 / 0

Anaglyphe ist i. O.
Groeße: 1090 / 653
Zuschnitt eingegrenzt

Ausschnitt:
links-oben:	0 / 0
Groesse:	0 / 0

Anaglyphe ist i. O.
Groeße: 1090 / 653

Logbuch geschlossen
